d:\psworkspace\ps-projects\source\webspectortcpnet\webspectortcpnet\debug\webspectortcpnet.pdb
d:\psworkspace\ps-projects\source\webspectortcpnet\webspectortcpnet\debug\webspectortcpnet.idb
d:\psworkspace\ps-projects\source\webspectortcpnet\webspectortcpnet\debug\masterlink.obj
d:\psworkspace\ps-projects\source\webspectortcpnet\webspectortcpnet\debug\tcpmessage.obj
d:\psworkspace\ps-projects\source\webspectortcpnet\webspectortcpnet\debug\tcpconnection.obj
d:\psworkspace\ps-projects\source\webspectortcpnet\webspectortcpnet\debug\tagsystem.obj
d:\psworkspace\ps-projects\source\webspectortcpnet\webspectortcpnet\debug\tag.obj
d:\psworkspace\ps-projects\source\webspectortcpnet\webspectortcpnet\debug\netlink.obj
d:\psworkspace\ps-projects\source\webspectortcpnet\webspectortcpnet\debug\master_tcp.obj
d:\psworkspace\ps-projects\source\webspectortcpnet\webspectortcpnet\debug\logwriter.obj
d:\psworkspace\ps-projects\source\webspectortcpnet\webspectortcpnet\debug\heartbeattimer.obj
d:\psworkspace\ps-projects\source\webspectortcpnet\webspectortcpnet\debug\frontendlink.obj
d:\psworkspace\ps-projects\source\webspectortcpnet\webspectortcpnet\debug\fe_tcp.obj
d:\psworkspace\ps-projects\source\webspectortcpnet\webspectortcpnet\debug\error.obj
d:\psworkspace\ps-projects\source\webspectortcpnet\debug\webspectortcpnet.lib
d:\psworkspace\ps-projects\source\webspectortcpnet\debug\webspectortcpnet.pdb
d:\psworkspace\ps-projects\source\webspectortcpnet\webspectortcpnet\debug\webspectortcpnet.tlog\cl.command.1.tlog
d:\psworkspace\ps-projects\source\webspectortcpnet\webspectortcpnet\debug\webspectortcpnet.tlog\cl.read.1.tlog
d:\psworkspace\ps-projects\source\webspectortcpnet\webspectortcpnet\debug\webspectortcpnet.tlog\cl.write.1.tlog
d:\psworkspace\ps-projects\source\webspectortcpnet\webspectortcpnet\debug\webspectortcpnet.tlog\lib-link.read.1.tlog
d:\psworkspace\ps-projects\source\webspectortcpnet\webspectortcpnet\debug\webspectortcpnet.tlog\lib-link.write.1.tlog
d:\psworkspace\ps-projects\source\webspectortcpnet\webspectortcpnet\debug\webspectortcpnet.tlog\lib.command.1.tlog
